[    0.000000] Initializing cgroup subsys cpuset
[    0.000000] Initializing cgroup subsys cpu
[    0.000000] Initializing cgroup subsys cpuacct
[    0.000000] Linux version 4.4.0-165-generic (buildd@lgw01-amd64-027) (gcc version 5.4.0 20160609 (Ubuntu 5.4.0-6ubuntu1~16.04.10) ) #193-Ubuntu SMP Tue Sep 17 17:42:52 UTC 2019 (Ubuntu 4.4.0-165.193-generic 4.4.189)
[    0.000000] Command line: BOOT_IMAGE=/boot/vmlinuz-4.4.0-165-generic root=LABEL=cloudimg-rootfs ro console=tty1 console=ttyS0
[    0.000000] KERNEL supported cpus:
[    0.000000]   Intel GenuineIntel
[    0.000000]   AMD AuthenticAMD
[    0.000000]   Centaur CentaurHauls
[    0.000000] x86/fpu: xstate_offset[2]:  576, xstate_sizes[2]:  256
[    0.000000] x86/fpu: Supporting XSAVE feature 0x01: 'x87 floating point registers'
[    0.000000] x86/fpu: Supporting XSAVE feature 0x02: 'SSE registers'
[    0.000000] x86/fpu: Supporting XSAVE feature 0x04: 'AVX registers'
[    0.000000] x86/fpu: Enabled xstate features 0x7, context size is 832 bytes, using 'standard' format.
[    0.000000] e820: BIOS-provided physical RAM map:
[    0.000000] BIOS-e820: [mem 0x0000000000000000-0x000000000009fbff] usable
[    0.000000] BIOS-e820: [mem 0x000000000009fc00-0x000000000009ffff] reserved
[    0.000000] BIOS-e820: [mem 0x00000000000f0000-0x00000000000fffff] reserved
[    0.000000] BIOS-e820: [mem 0x0000000000100000-0x00000000dffeffff] usable
[    0.000000] BIOS-e820: [mem 0x00000000dfff0000-0x00000000dfffffff] ACPI data
[    0.000000] BIOS-e820: [mem 0x00000000fec00000-0x00000000fec00fff] reserved
[    0.000000] BIOS-e820: [mem 0x00000000fee00000-0x00000000fee00fff] reserved
[    0.000000] BIOS-e820: [mem 0x00000000fffc0000-0x00000000ffffffff] reserved
[    0.000000] BIOS-e820: [mem 0x0000000100000000-0x00000002177fffff] usable
[    0.000000] NX (Execute Disable) protection: active
[    0.000000] SMBIOS 2.5 present.
[    0.000000] Hypervisor detected: KVM
[    0.000000] e820: last_pfn = 0x217800 max_arch_pfn = 0x400000000
[    0.000000] MTRR: Disabled
[    0.000000] x86/PAT: MTRRs disabled, skipping PAT initialization too.
[    0.000000] CPU MTRRs all blank - virtualized system.
[    0.000000] x86/PAT: Configuration [0-7]: WB  WT  UC- UC  WB  WT  UC- UC  
[    0.000000] e820: last_pfn = 0xdfff0 max_arch_pfn = 0x400000000
[    0.000000] found SMP MP-table at [mem 0x0009fff0-0x0009ffff] mapped at [ffff88000009fff0]
[    0.000000] Scanning 1 areas for low memory corruption
[    0.000000] RAMDISK: [mem 0x362f6000-0x37172fff]
[    0.000000] ACPI: Early table checksum verification disabled
[    0.000000] ACPI: RSDP 0x00000000000E0000 000024 (v02 VBOX  )
[    0.000000] ACPI: XSDT 0x00000000DFFF0030 00003C (v01 VBOX   VBOXXSDT 00000001 ASL  00000061)
[    0.000000] ACPI: FACP 0x00000000DFFF00F0 0000F4 (v04 VBOX   VBOXFACP 00000001 ASL  00000061)
[    0.000000] ACPI: DSDT 0x00000000DFFF0480 0022EA (v02 VBOX   VBOXBIOS 00000002 INTL 20190509)
[    0.000000] ACPI: FACS 0x00000000DFFF0200 000040
[    0.000000] ACPI: FACS 0x00000000DFFF0200 000040
[    0.000000] ACPI: APIC 0x00000000DFFF0240 00006C (v02 VBOX   VBOXAPIC 00000001 ASL  00000061)
[    0.000000] ACPI: SSDT 0x00000000DFFF02B0 0001CC (v01 VBOX   VBOXCPUT 00000002 INTL 20190509)
[    0.000000] No NUMA configuration found
[    0.000000] Faking a node at [mem 0x0000000000000000-0x00000002177fffff]
[    0.000000] NODE_DATA(0) allocated [mem 0x2177f5000-0x2177f9fff]
[    0.000000] kvm-clock: Using msrs 4b564d01 and 4b564d00
[    0.000000] kvm-clock: cpu 0, msr 2:177ed001, primary cpu clock
[    0.000000] kvm-clock: using sched offset of 3009158218 cycles
[    0.000000] clocksource: kvm-clock: mask: 0xffffffffffffffff max_cycles: 0x1cd42e4dffb, max_idle_ns: 881590591483 ns
[    0.000000] Zone ranges:
[    0.000000]   DMA      [mem 0x0000000000001000-0x0000000000ffffff]
[    0.000000]   DMA32    [mem 0x0000000001000000-0x00000000ffffffff]
[    0.000000]   Normal   [mem 0x0000000100000000-0x00000002177fffff]
[    0.000000]   Device   empty
[    0.000000] Movable zone start for each node
[    0.000000] Early memory node ranges
[    0.000000]   node   0: [mem 0x0000000000001000-0x000000000009efff]
[    0.000000]   node   0: [mem 0x0000000000100000-0x00000000dffeffff]
[    0.000000]   node   0: [mem 0x0000000100000000-0x00000002177fffff]
[    0.000000] Initmem setup node 0 [mem 0x0000000000001000-0x00000002177fffff]
[    0.000000] ACPI: PM-Timer IO Port: 0x4008
[    0.000000] IOAPIC[0]: apic_id 4, version 32, address 0xfec00000, GSI 0-23
[    0.000000] ACPI: INT_SRC_OVR (bus 0 bus_irq 0 global_irq 2 dfl dfl)
[    0.000000] ACPI: INT_SRC_OVR (bus 0 bus_irq 9 global_irq 9 low level)
[    0.000000] Using ACPI (MADT) for SMP configuration information
[    0.000000] smpboot: Allowing 4 CPUs, 0 hotplug CPUs
[    0.000000] PM: Registered nosave memory: [mem 0x00000000-0x00000fff]
[    0.000000] PM: Registered nosave memory: [mem 0x0009f000-0x0009ffff]
[    0.000000] PM: Registered nosave memory: [mem 0x000a0000-0x000effff]
[    0.000000] PM: Registered nosave memory: [mem 0x000f0000-0x000fffff]
[    0.000000] PM: Registered nosave memory: [mem 0xdfff0000-0xdfffffff]
[    0.000000] PM: Registered nosave memory: [mem 0xe0000000-0xfebfffff]
[    0.000000] PM: Registered nosave memory: [mem 0xfec00000-0xfec00fff]
[    0.000000] PM: Registered nosave memory: [mem 0xfec01000-0xfedfffff]
[    0.000000] PM: Registered nosave memory: [mem 0xfee00000-0xfee00fff]
[    0.000000] PM: Registered nosave memory: [mem 0xfee01000-0xfffbffff]
[    0.000000] PM: Registered nosave memory: [mem 0xfffc0000-0xffffffff]
[    0.000000] e820: [mem 0xe0000000-0xfebfffff] available for PCI devices
[    0.000000] Booting paravirtualized kernel on KVM
[    0.000000] clocksource: refined-jiffies: mask: 0xffffffff max_cycles: 0xffffffff, max_idle_ns: 7645519600211568 ns
[    0.000000] setup_percpu: NR_CPUS:512 nr_cpumask_bits:512 nr_cpu_ids:4 nr_node_ids:1
[    0.000000] PERCPU: Embedded 34 pages/cpu @ffff880217400000 s99544 r8192 d31528 u524288
[    0.000000] Built 1 zonelists in Node order, mobility grouping on.  Total pages: 2029976
[    0.000000] Policy zone: Normal
[    0.000000] Kernel command line: BOOT_IMAGE=/boot/vmlinuz-4.4.0-165-generic root=LABEL=cloudimg-rootfs ro console=tty1 console=ttyS0
[    0.000000] PID hash table entries: 4096 (order: 3, 32768 bytes)
[    0.000000] Memory: 8019508K/8248888K available (8621K kernel code, 1335K rwdata, 4032K rodata, 1484K init, 1284K bss, 229380K reserved, 0K cma-reserved)
[    0.000000] SLUB: HWalign=64, Order=0-3, MinObjects=0, CPUs=4, Nodes=1
[    0.000000] Kernel/User page tables isolation: enabled
[    0.000000] Hierarchical RCU implementation.
[    0.000000] 	Build-time adjustment of leaf fanout to 64.
[    0.000000] 	RCU restricting CPUs from NR_CPUS=512 to nr_cpu_ids=4.
[    0.000000] RCU: Adjusting geometry for rcu_fanout_leaf=64, nr_cpu_ids=4
[    0.000000] NR_IRQS:33024 nr_irqs:456 16
[    0.000000] Console: colour VGA+ 80x25
[    0.000000] console [tty1] enabled
[    0.000000] console [ttyS0] enabled
[    0.000000] tsc: Detected 3695.998 MHz processor
[    0.148508] Calibrating delay loop (skipped) preset value.. 7391.99 BogoMIPS (lpj=14783992)
[    0.149552] pid_max: default: 32768 minimum: 301
[    0.150075] ACPI: Core revision 20150930
[    0.151128] ACPI: 2 ACPI AML tables successfully acquired and loaded
[    0.151932] Security Framework initialized
[    0.152430] Yama: becoming mindful.
[    0.152884] AppArmor: AppArmor initialized
[    0.154007] Dentry cache hash table entries: 1048576 (order: 11, 8388608 bytes)
[    0.157708] Inode-cache hash table entries: 524288 (order: 10, 4194304 bytes)
[    0.159421] Mount-cache hash table entries: 16384 (order: 5, 131072 bytes)
[    0.160428] Mountpoint-cache hash table entries: 16384 (order: 5, 131072 bytes)
[    0.162131] Initializing cgroup subsys io
[    0.162789] Initializing cgroup subsys memory
[    0.163477] Initializing cgroup subsys devices
[    0.164194] Initializing cgroup subsys freezer
[    0.164733] Initializing cgroup subsys net_cls
[    0.165282] Initializing cgroup subsys perf_event
[    0.165808] Initializing cgroup subsys net_prio
[    0.166320] Initializing cgroup subsys hugetlb
[    0.166852] Initializing cgroup subsys pids
[    0.168209] mce: CPU supports 0 MCE banks
[    0.168753] Last level iTLB entries: 4KB 64, 2MB 8, 4MB 8
[    0.169386] Last level dTLB entries: 4KB 64, 2MB 0, 4MB 0, 1GB 4
[    0.170033] Spectre V1 : Mitigation: usercopy/swapgs barriers and __user pointer sanitization
[    0.170994] Spectre V2 : Mitigation: Full generic retpoline
[    0.171651] Spectre V2 : Spectre v2 / SpectreRSB mitigation: Filling RSB on context switch
[    0.172789] Speculative Store Bypass: Vulnerable
[    0.173414] MDS: Mitigation: Clear CPU buffers
[    0.175626] Freeing SMP alternatives memory: 36K
[    0.179873] ftrace: allocating 32318 entries in 127 pages
[    0.217522] smpboot: APIC(0) Converting physical 0 to logical package 0
[    0.218278] smpboot: Max logical packages: 1
[    0.218940] x2apic enabled
[    0.219464] Switched APIC routing to physical x2apic.
[    0.221068] ..TIMER: vector=0x30 apic1=0 pin1=2 apic2=-1 pin2=-1
[    0.328215] smpboot: CPU0: Intel(R) Core(TM) i7-8700K CPU @ 3.70GHz (family: 0x6, model: 0x9e, stepping: 0xa)
[    0.329484] Performance Events: unsupported p6 CPU model 158 no PMU driver, software events only.
[    0.337071] KVM setup paravirtual spinlock
[    0.338047] x86: Booting SMP configuration:
[    0.338575] .... node  #0, CPUs:      #1
[    0.339373] kvm-clock: cpu 1, msr 2:177ed041, secondary cpu clock
[    0.340805] mce: CPU supports 0 MCE banks
[    0.343249]  #2
[    0.343699] kvm-clock: cpu 2, msr 2:177ed081, secondary cpu clock
[    0.345135] mce: CPU supports 0 MCE banks
[    0.347544]  #3
[    0.347985] kvm-clock: cpu 3, msr 2:177ed0c1, secondary cpu clock
[    0.349352] mce: CPU supports 0 MCE banks
[    0.351679] x86: Booted up 1 node, 4 CPUs
[    0.352274] smpboot: Total of 4 processors activated (29567.98 BogoMIPS)
[    0.353670] devtmpfs: initialized
[    0.355772] evm: security.selinux
[    0.356284] evm: security.SMACK64
[    0.356788] evm: security.SMACK64EXEC
[    0.357259] evm: security.SMACK64TRANSMUTE
[    0.357760] evm: security.SMACK64MMAP
[    0.358220] evm: security.ima
[    0.358644] evm: security.capability
[    0.359263] clocksource: jiffies: mask: 0xffffffff max_cycles: 0xffffffff, max_idle_ns: 7645041785100000 ns
[    0.360348] futex hash table entries: 1024 (order: 4, 65536 bytes)
[    0.361146] pinctrl core: initialized pinctrl subsystem
[    0.361793] RTC time: 13:44:06, date: 12/24/19
[    0.362499] NET: Registered protocol family 16
[    0.372517] cpuidle: using governor ladder
[    0.383889] cpuidle: using governor menu
[    0.384413] PCCT header not found.
[    0.384930] ACPI: bus type PCI registered
[    0.385417] acpiphp: ACPI Hot Plug PCI Controller Driver version: 0.5
[    0.386195] PCI: Using configuration type 1 for base access
[    0.396948] ACPI: Added _OSI(Module Device)
[    0.397463] ACPI: Added _OSI(Processor Device)
[    0.397980] ACPI: Added _OSI(3.0 _SCP Extensions)
[    0.398517] ACPI: Added _OSI(Processor Aggregator Device)
[    0.399528] ACPI: Executed 1 blocks of module-level executable AML code
[    0.401560] ACPI: Interpreter enabled
[    0.402053] ACPI: (supports S0 S5)
[    0.402489] ACPI: Using IOAPIC for interrupt routing
[    0.403132] PCI: Using host bridge windows from ACPI; if necessary, use "pci=nocrs" and report a bug
[    0.406360] ACPI: PCI Root Bridge [PCI0] (domain 0000 [bus 00-ff])
[    0.407136] acpi PNP0A03:00: _OSC: OS supports [ASPM ClockPM Segments MSI]
[    0.408116] acpi PNP0A03:00: _OSC: not requesting OS control; OS requires [ExtendedConfig ASPM ClockPM MSI]
[    0.409182] acpi PNP0A03:00: fail to add MMCONFIG information, can't access extended PCI configuration space under this bridge.
[    0.416309] PCI host bridge to bus 0000:00
[    0.416829] pci_bus 0000:00: root bus resource [io  0x0000-0x0cf7 window]
[    0.417536] pci_bus 0000:00: root bus resource [io  0x0d00-0xffff window]
[    0.418270] pci_bus 0000:00: root bus resource [mem 0x000a0000-0x000bffff window]
[    0.419151] pci_bus 0000:00: root bus resource [mem 0xe0000000-0xfdffffff window]
[    0.420038] pci_bus 0000:00: root bus resource [bus 00-ff]
[    0.421618] pci 0000:00:01.1: legacy IDE quirk: reg 0x10: [io  0x01f0-0x01f7]
[    0.422418] pci 0000:00:01.1: legacy IDE quirk: reg 0x14: [io  0x03f6]
[    0.423196] pci 0000:00:01.1: legacy IDE quirk: reg 0x18: [io  0x0170-0x0177]
[    0.424263] pci 0000:00:01.1: legacy IDE quirk: reg 0x1c: [io  0x0376]
[    0.485129] pci 0000:00:07.0: quirk: [io  0x4000-0x403f] claimed by PIIX4 ACPI
[    0.486044] pci 0000:00:07.0: quirk: [io  0x4100-0x410f] claimed by PIIX4 SMB
[    0.528399] ACPI: PCI Interrupt Link [LNKA] (IRQs 5 9 10 *11)
[    0.529459] ACPI: PCI Interrupt Link [LNKB] (IRQs 5 9 *10 11)
[    0.530443] ACPI: PCI Interrupt Link [LNKC] (IRQs 5 *9 10 11)
[    0.531483] ACPI: PCI Interrupt Link [LNKD] (IRQs 5 9 10 *11)
[    0.532485] ACPI: Enabled 2 GPEs in block 00 to 07
[    0.533338] vgaarb: setting as boot device: PCI:0000:00:02.0
[    0.533957] vgaarb: device added: PCI:0000:00:02.0,decodes=io+mem,owns=io+mem,locks=none
[    0.534896] vgaarb: loaded
[    0.535281] vgaarb: bridge control possible 0000:00:02.0
[    0.536105] SCSI subsystem initialized
[    0.536731] ACPI: bus type USB registered
[    0.537259] usbcore: registered new interface driver usbfs
[    0.537869] usbcore: registered new interface driver hub
[    0.538503] usbcore: registered new device driver usb
[    0.539332] PCI: Using ACPI for IRQ routing
[    0.540106] NetLabel: Initializing
[    0.540560] NetLabel:  domain hash size = 128
[    0.541132] NetLabel:  protocols = UNLABELED CIPSOv4
[    0.541713] NetLabel:  unlabeled traffic allowed by default
[    0.542411] amd_nb: Cannot enumerate AMD northbridges
[    0.543094] clocksource: Switched to clocksource kvm-clock
[    0.547870] AppArmor: AppArmor Filesystem Enabled
[    0.548483] pnp: PnP ACPI init
[    0.549344] pnp: PnP ACPI: found 3 devices
[    0.556817] clocksource: acpi_pm: mask: 0xffffff max_cycles: 0xffffff, max_idle_ns: 2085701024 ns
[    0.557952] NET: Registered protocol family 2
[    0.558996] TCP established hash table entries: 65536 (order: 7, 524288 bytes)
[    0.560000] TCP bind hash table entries: 65536 (order: 8, 1048576 bytes)
[    0.560822] TCP: Hash tables configured (established 65536 bind 65536)
[    0.561527] UDP hash table entries: 4096 (order: 5, 131072 bytes)
[    0.562185] UDP-Lite hash table entries: 4096 (order: 5, 131072 bytes)
[    0.562901] NET: Registered protocol family 1
[    0.563466] pci 0000:00:00.0: Limiting direct PCI/PCI transfers
[    0.564122] pci 0000:00:01.0: Activating ISA DMA hang workarounds
[    0.565186] Unpacking initramfs...
[    0.699528] Freeing initrd memory: 14836K
[    0.700136] PCI-DMA: Using software bounce buffering for IO (SWIOTLB)
[    0.700804] software IO TLB: mapped [mem 0xdbff0000-0xdfff0000] (64MB)
[    0.701526] clocksource: tsc: mask: 0xffffffffffffffff max_cycles: 0x6a8d2284b57, max_idle_ns: 881590451434 ns
[    0.702666] platform rtc_cmos: registered platform RTC device (no PNP device found)
[    0.703598] Scanning for low memory corruption every 60 seconds
[    0.704651] audit: initializing netlink subsys (disabled)
[    0.705307] audit: type=2000 audit(1577195051.273:1): initialized
[    0.706180] Initialise system trusted keyring
[    0.707062] HugeTLB registered 2 MB page size, pre-allocated 0 pages
[    0.708581] zbud: loaded
[    0.709298] VFS: Disk quotas dquot_6.6.0
[    0.709874] VFS: Dquot-cache hash table entries: 512 (order 0, 4096 bytes)
[    0.710726] squashfs: version 4.0 (2009/01/31) Phillip Lougher
[    0.711581] fuse init (API version 7.23)
[    0.712220] Key type big_key registered
[    0.712704] Allocating IMA MOK and blacklist keyrings.
[    0.714406] Key type asymmetric registered
[    0.714896] Asymmetric key parser 'x509' registered
[    0.715507] Block layer SCSI generic (bsg) driver version 0.4 loaded (major 249)
[    0.716410] io scheduler noop registered
[    0.716888] io scheduler deadline registered (default)
[    0.717473] io scheduler cfq registered
[    0.717993] pci_hotplug: PCI Hot Plug PCI Core version: 0.5
[    0.718650] pciehp: PCI Express Hot Plug Controller Driver version: 0.4
[    0.719426] ACPI: AC Adapter [AC] (on-line)
[    0.719948] input: Power Button as /devices/LNXSYSTM:00/LNXPWRBN:00/input/input0
[    0.720819] ACPI: Power Button [PWRF]
[    0.721302] input: Sleep Button as /devices/LNXSYSTM:00/LNXSLPBN:00/input/input1
[    0.722229] ACPI: Sleep Button [SLPF]
[    0.722883] GHES: HEST is not enabled!
[    0.723508] Serial: 8250/16550 driver, 32 ports, IRQ sharing enabled
[    0.744430] 00:02: ttyS0 at I/O 0x3f8 (irq = 4, base_baud = 115200) is a 16550A
[    0.746044] Linux agpgart interface v0.103
[    0.748286] loop: module loaded
[    0.749145] scsi host0: ata_piix
[    0.749710] scsi host1: ata_piix
[    0.750142] ata1: PATA max UDMA/33 cmd 0x1f0 ctl 0x3f6 bmdma 0xd000 irq 14
[    0.750860] ata2: PATA max UDMA/33 cmd 0x170 ctl 0x376 bmdma 0xd008 irq 15
[    0.751650] libphy: Fixed MDIO Bus: probed
[    0.752155] tun: Universal TUN/TAP device driver, 1.6
[    0.752727] tun: (C) 1999-2004 Max Krasnyansky <maxk@qualcomm.com>
[    0.753411] PPP generic driver version 2.4.2
[    0.753947] ehci_hcd: USB 2.0 'Enhanced' Host Controller (EHCI) Driver
[    0.754628] ehci-pci: EHCI PCI platform driver
[    0.755161] ehci-platform: EHCI generic platform driver
[    0.755798] ohci_hcd: USB 1.1 'Open' Host Controller (OHCI) Driver
[    0.756484] ohci-pci: OHCI PCI platform driver
[    0.757057] ohci-platform: OHCI generic platform driver
[    0.757683] uhci_hcd: USB Universal Host Controller Interface driver
[    0.758411] i8042: PNP: PS/2 Controller [PNP0303:PS2K,PNP0f03:PS2M] at 0x60,0x64 irq 1,12
[    0.759746] serio: i8042 KBD port at 0x60,0x64 irq 1
[    0.760319] serio: i8042 AUX port at 0x60,0x64 irq 12
[    0.760973] mousedev: PS/2 mouse device common for all mice
[    0.761881] input: AT Translated Set 2 keyboard as /devices/platform/i8042/serio0/input/input2
[    0.762871] rtc_cmos rtc_cmos: rtc core: registered rtc_cmos as rtc0
[    0.763651] rtc_cmos rtc_cmos: alarms up to one day, 114 bytes nvram
[    0.764357] i2c /dev entries driver
[    0.764829] device-mapper: uevent: version 1.0.3
[    0.765390] device-mapper: ioctl: 4.34.0-ioctl (2015-10-28) initialised: dm-devel@redhat.com
[    0.766352] ledtrig-cpu: registered to indicate activity on CPUs
[    0.767365] NET: Registered protocol family 10
[    0.768041] NET: Registered protocol family 17
[    0.768582] Key type dns_resolver registered
[    0.769264] registered taskstats version 1
[    0.769775] Loading compiled-in X.509 certificates
[    0.770674] Loaded X.509 cert 'Build time autogenerated kernel key: 0ed82eac04367aa6426493b1389455ebf6830eaa'
[    0.771772] zswap: loaded using pool lzo/zbud
[    0.773928] Key type trusted registered
[    0.777532] Key type encrypted registered
[    0.778060] AppArmor: AppArmor sha1 policy hashing enabled
[    0.778783] ima: No TPM chip found, activating TPM-bypass!
[    0.779458] ima: Allocated hash algorithm: sha1
[    0.779984] evm: HMAC attrs: 0x1
[    0.780657]   Magic number: 15:902:736
[    0.781222] rtc_cmos rtc_cmos: setting system clock to 2019-12-24 13:44:06 UTC (1577195046)
[    0.782332] BIOS EDD facility v0.16 2004-Jun-25, 0 devices found
[    0.782978] EDD information not available.
[    0.911468] Freeing unused kernel memory: 1484K
[    0.915060] Write protecting the kernel read-only data: 14336k
[    0.920753] Freeing unused kernel memory: 1608K
[    0.924656] Freeing unused kernel memory: 64K
Loading, please wait...
starting version 229
[    0.969243] random: systemd-udevd: uninitialized urandom read (16 bytes read, 1 bits of entropy available)
[    0.970257] random: udevadm: uninitialized urandom read (16 bytes read, 1 bits of entropy available)
[    0.970280] random: udevadm: uninitialized urandom read (16 bytes read, 1 bits of entropy available)
[    0.976504] random: systemd-udevd: uninitialized urandom read (16 bytes read, 1 bits of entropy available)
[    0.978529] random: systemd-udevd: uninitialized urandom read (16 bytes read, 1 bits of entropy available)
[    0.980018] random: udevadm: uninitialized urandom read (16 bytes read, 1 bits of entropy available)
[    0.980061] random: udevadm: uninitialized urandom read (16 bytes read, 1 bits of entropy available)
[    0.980288] random: udevadm: uninitialized urandom read (16 bytes read, 1 bits of entropy available)
[    0.980337] random: udevadm: uninitialized urandom read (16 bytes read, 1 bits of entropy available)
[    0.980382] random: udevadm: uninitialized urandom read (16 bytes read, 1 bits of entropy available)
[    1.002779] e1000: Intel(R) PRO/1000 Network Driver - version 7.3.21-k8-NAPI
[    1.004003] e1000: Copyright (c) 1999-2006 Intel Corporation.
[    1.004702] Fusion MPT base driver 3.04.20
[    1.005306] Copyright (c) 1999-2008 LSI Corporation
[    1.008494] Fusion MPT SPI Host driver 3.04.20
[    1.010533] AVX2 version of gcm_enc/dec engaged.
[    1.011112] AES CTR mode by8 optimization enabled
[    1.216799] input: ImExPS/2 Generic Explorer Mouse as /devices/platform/i8042/serio1/input/input4
[    1.329732] e1000 0000:00:03.0 eth0: (PCI:33MHz:32-bit) 02:b6:26:2d:10:3c
[    1.330495] e1000 0000:00:03.0 eth0: Intel(R) PRO/1000 Network Connection
[    1.692909] e1000 0000:00:08.0 eth1: (PCI:33MHz:32-bit) 08:00:27:b0:64:e3
[    1.693848] e1000 0000:00:08.0 eth1: Intel(R) PRO/1000 Network Connection
[    1.695456] e1000 0000:00:03.0 enp0s3: renamed from eth0
[    1.695513] mptbase: ioc0: Initiating bringup
[    1.723438] e1000 0000:00:08.0 enp0s8: renamed from eth1
[    1.763713] ioc0: LSI53C1030 A0: Capabilities={Initiator}
[    2.423910] scsi host2: ioc0: LSI53C1030 A0, FwRev=00000000h, Ports=1, MaxQ=256, IRQ=20
[    2.563726] scsi 2:0:0:0: Direct-Access     VBOX     HARDDISK         1.0  PQ: 0 ANSI: 5
[    2.569364] scsi target2:0:0: Beginning Domain Validation
[    2.580930] scsi target2:0:0: Domain Validation skipping write tests
[    2.586752] scsi target2:0:0: Ending Domain Validation
[    2.589588] scsi target2:0:0: asynchronous
[    2.593649] scsi 2:0:1:0: Direct-Access     VBOX     HARDDISK         1.0  PQ: 0 ANSI: 5
[    2.597781] scsi target2:0:1: Beginning Domain Validation
[    2.602155] scsi target2:0:1: Domain Validation skipping write tests
[    2.603640] scsi target2:0:1: Ending Domain Validation
[    2.604895] scsi target2:0:1: asynchronous
[    2.617323] sd 2:0:0:0: Attached scsi generic sg0 type 0
[    2.617370] sd 2:0:0:0: [sda] 20971520 512-byte logical blocks: (10.7 GB/10.0 GiB)
[    2.617818] sd 2:0:0:0: [sda] Write Protect is off
[    2.618036] sd 2:0:0:0: [sda] Incomplete mode parameter data
[    2.618037] sd 2:0:0:0: [sda] Assuming drive cache: write through
[    2.618790]  sda: sda1
[    2.619304] sd 2:0:0:0: [sda] Attached SCSI disk
[    2.623560] sd 2:0:1:0: Attached scsi generic sg1 type 0
[    2.623587] sd 2:0:1:0: [sdb] 20480 512-byte logical blocks: (10.5 MB/10.0 MiB)
[    2.623924] sd 2:0:1:0: [sdb] Write Protect is off
[    2.624051] sd 2:0:1:0: [sdb] Incomplete mode parameter data
[    2.624052] sd 2:0:1:0: [sdb] Assuming drive cache: write through
[    2.626033] sd 2:0:1:0: [sdb] Attached SCSI disk
Begin: Loading essential drivers ... [    4.392922] md: linear personality registered for level -1
[    4.395549] md: multipath personality registered for level -4
[    4.397706] md: raid0 personality registered for level 0
[    4.401161] md: raid1 personality registered for level 1
[    4.481923] raid6: sse2x1   gen() 17463 MB/s
[    4.547618] raid6: sse2x1   xor() 12219 MB/s
[    4.616138] raid6: sse2x2   gen() 19940 MB/s
[    4.683663] raid6: sse2x2   xor() 13499 MB/s
[    4.751938] raid6: sse2x4   gen() 22166 MB/s
[    4.821916] raid6: sse2x4   xor() 15537 MB/s
[    4.891936] raid6: avx2x1   gen() 30208 MB/s
[    4.959285] raid6: avx2x2   gen() 37412 MB/s
[    5.029076] raid6: avx2x4   gen() 41428 MB/s
[    5.029618] raid6: using algorithm avx2x4 gen() 41428 MB/s
[    5.030255] raid6: using avx2x2 recovery algorithm
[    5.031766] xor: automatically using best checksumming function:
[    5.082002]    avx       : 55462.000 MB/sec
[    5.083548] async_tx: api initialized (async)
[    5.090523] md: raid6 personality registered for level 6
[    5.091238] md: raid5 personality registered for level 5
[    5.091933] md: raid4 personality registered for level 4
[    5.097281] md: raid10 personality registered for level 10
done.
Begin: Running /scripts/init-premount ... done.
Begin: Mounting root file system ... Begin: Running /scripts/local-top ... done.
Begin: Running /scripts/local-premount ... [    5.117711] Btrfs loaded
Scanning for Btrfs filesystems
done.
Warning: fsck not present, so skipping root file system
[    5.135272] EXT4-fs (sda1): mounted filesystem with ordered data mode. Opts: (null)
done.
Begin: Running /scripts/local-bottom ... done.
Begin: Running /scripts/init-bottom ... done.
[    5.679638] systemd[1]: systemd 229 running in system mode. (+PAM +AUDIT +SELINUX +IMA +APPARMOR +SMACK +SYSVINIT +UTMP +LIBCRYPTSETUP +GCRYPT +GNUTLS +ACL +XZ -LZ4 +SECCOMP +BLKID +ELFUTILS +KMOD -IDN)
[    5.681782] systemd[1]: Detected virtualization oracle.
[    5.682361] systemd[1]: Detected architecture x86-64.

Welcome to [1mUbuntu 16.04.6 LTS[0m!

[    5.684174] systemd[1]: Set hostname to <ubuntu>.
[    5.685424] systemd[1]: Initializing machine ID from random generator.
[    5.686130] systemd[1]: Installed transient /etc/machine-id file.
[    5.754423] systemd[1]: Listening on LVM2 poll daemon socket.
[[0;32m  OK  [0m] Listening on LVM2 poll daemon socket.
[    5.755778] systemd[1]: Reached target Encrypted Volumes.
[[0;32m  OK  [0m] Reached target Encrypted Volumes.
[    5.757139] systemd[1]: Created slice User and Session Slice.
[[0;32m  OK  [0m] Created slice User and Session Slice.
[    5.758383] systemd[1]: Started Forward Password Requests to Wall Directory Watch.
[[0;32m  OK  [0m] Started Forward Password Requests to Wall Directory Watch.
[    5.760208] systemd[1]: Created slice System Slice.
[[0;32m  OK  [0m] Created slice System Slice.
[    5.761555] systemd[1]: Listening on Journal Socket (/dev/log).
[[0;32m  OK  [0m] Listening on Journal Socket (/dev/log).
[    5.762761] systemd[1]: Listening on udev Kernel Socket.
[[0;32m  OK  [0m] Listening on udev Kernel Socket.
[    5.763830] systemd[1]: Reached target Slices.
[[0;32m  OK  [0m] Reached target Slices.
[    5.764690] systemd[1]: Reached target Swap.
[[0;32m  OK  [0m] Reached target Swap.
[    5.765843] systemd[1]: Listening on udev Control Socket.
[[0;32m  OK  [0m] Listening on udev Control Socket.
[    5.767891] systemd[1]: Listening on Device-mapper event daemon FIFOs.
[[0;32m  OK  [0m] Listening on Device-mapper event daemon FIFOs.
[    5.775601] systemd[1]: Reached target System Time Synchronized.
[[0;32m  OK  [0m] Reached target System Time Synchronized.
[    5.784546] systemd[1]: Reached target User and Group Name Lookups.
[[0;32m  OK  [0m] Reached target User and Group Name Lookups.
[    5.791563] systemd[1]: Set up automount Arbitrary Executable File Formats File System Automount Point.
[[0;32m  OK  [0m] Set up automount Arbitrary Executab...ats File System Automount Point.
[    5.803604] systemd[1]: Created slice system-serial\x2dgetty.slice.
[[0;32m  OK  [0m] Created slice system-serial\x2dgetty.slice.
[    5.806006] systemd[1]: Started Trigger resolvconf update for networkd DNS.
[[0;32m  OK  [0m] Started Trigger resolvconf update for networkd DNS.
[    5.808467] systemd[1]: Listening on Syslog Socket.
[[0;32m  OK  [0m] Listening on Syslog Socket.
[    5.810091] systemd[1]: Listening on LVM2 metadata daemon socket.
[[0;32m  OK  [0m] Listening on LVM2 metadata daemon socket.
[    5.812112] systemd[1]: Listening on Journal Socket.
[[0;32m  OK  [0m] Listening on Journal Socket.
[    5.823330] systemd[1]: Starting Set console keymap...
         Starting Set console keymap...
[    5.825492] systemd[1]: Starting Monitoring of LVM2 mirrors, snapshots etc. using dmeventd or progress polling...
         Starting Monitoring of LVM2 mirrors... dmeventd or progress polling...
[    5.829364] systemd[1]: Mounting Debug File System...
         Mounting Debug File System...
[    5.831786] systemd[1]: Mounting Huge Pages File System...
         Mounting Huge Pages File System...
[    5.834122] systemd[1]: Starting Nameserver information manager...
         Starting Nameserver information manager...
[    5.838067] systemd[1]: Starting Load Kernel Modules...
         Starting Load Kernel Modules...
[    5.840263] systemd[1]: Starting Create list of required static device nodes for the current kernel...
         Starting Create list of required st... nodes for the current kernel...
[    5.842774] systemd[1]: Mounting POSIX Message Queue File System...
         Mounting POSIX Message Queue File System...
[    5.844402] Loading iSCSI transport class v2.0-870.
[    5.845582] systemd[1]: Listening on Journal Audit Socket.
[[0;32m  OK  [0m] Listening on Journal Audit Socket.
[    5.847322] systemd[1]: Starting Journal Service...
         Starting Journal Service...
[    5.848939] systemd[1]: Starting Uncomplicated firewall...
[    5.849671] iscsi: registered transport (tcp)
         Starting Uncomplicated firewall...
[    5.851170] systemd[1]: Starting Remount Root and Kernel File Systems...
         Starting Remount Root and Kernel File Systems...
[    5.852385] systemd[1]: Listening on /dev/initctl Compatibility Named Pipe.
[[0;32m  OK  [0m] Listening on /dev/initctl Compatibility Named Pipe.
[    5.854478] EXT4-fs (sda1): re-mounted. Opts: (null)
[    5.855066] systemd[1]: Mounted Huge Pages File System.
[[0;32m  OK  [0m] Mounted Huge Pages File System.
[    5.856187] systemd[1]: Mounted Debug File System.
[[0;32m  OK  [0m] Mounted Debug File System.
[    5.857202] systemd[1]: Mounted POSIX Message Queue File System.
[[0;32m  OK  [0m] Mounted POSIX Message Queue File System.
[    5.865995] systemd[1]: Started Journal Service.
[[0;32m  OK  [0m] Started Journal Service.
[    5.868312] iscsi: registered transport (iser)
[[0;32m  OK  [0m] Started Set console keymap.
[[0;32m  OK  [0m] Started Load Kernel Modules.
[[0;32m  OK  [0m] Started Create list of required sta...ce nodes for the current kernel.
[[0;32m  OK  [0m] Started Uncomplicated firewall.
[[0;32m  OK  [0m] Started Remount Root and Kernel File Systems.
[[0;32m  OK  [0m] Started Nameserver information manager.
[[0;32m  OK  [0m] Started LVM2 metadata daemon.
         Starting Load/Save Random Seed...
         Starting udev Coldplug all Devices...
         Starting Create Static Device Nodes in /dev...
         Starting Apply Kernel Variables...
         Mounting FUSE Control File System...
         Starting Flush Journal to Persistent Storage...
[[0;32m  OK  [0m] Started Load/Save Random Seed.
[[0;32m  OK  [0m] Mounted FUSE Control File System.
[[0;32m  OK  [0m] Started Create Static Device Nodes in /dev.
[[0;32m  OK  [0m] Started Apply Kernel Variables.
[[0;32m  OK  [0m] Started Flush Journal to Persistent Storage.
[[0;32m  OK  [0m] Started udev Coldplug all Devices.
         Starting udev Kernel Device Manager...
[[0;32m  OK  [0m] Started udev Kernel Device Manager.
[[0;32m  OK  [0m] Started Dispatch Password Requests to Console Directory Watch.
[[0;32m  OK  [0m] Found device /dev/ttyS0.
[[0;32m  OK  [0m] Listening on Load/Save RF Kill Switch Status /dev/rfkill Watch.
[[0;32m  OK  [0m] Started Monitoring of LVM2 mirrors,...ng dmeventd or progress polling.
[[0;32m  OK  [0m] Reached target Local File Systems (Pre).
[[0;32m  OK  [0m] Reached target Local File Systems.
         Starting Set console font and keymap...
         Starting LSB: AppArmor initialization...
         Starting Tell Plymouth To Write Out Runtime Data...
         Starting Create Volatile Files and Directories...
         Starting Commit a transient machine-id on disk...
         Starting Initial cloud-init job (pre-networking)...
[[0;32m  OK  [0m] Started Tell Plymouth To Write Out Runtime Data.
[[0;32m  OK  [0m] Started Create Volatile Files and Directories.
[[0;32m  OK  [0m] Started Commit a transient machine-id on disk.
         Starting Update UTMP about System Boot/Shutdown...
[[0;32m  OK  [0m] Started Update UTMP about System Boot/Shutdown.
[[0;32m  OK  [0m] Started Set console font and keymap.
[[0;32m  OK  [0m] Created slice system-getty.slice.
[[0;32m  OK  [0m] Started LSB: AppArmor initialization.
[    7.058321] cloud-init[671]: Cloud-init v. 19.2-36-g059d049c-0ubuntu2~16.04.1 running 'init-local' at Tue, 24 Dec 2019 13:44:12 +0000. Up 6.41 seconds.
[[0;32m  OK  [0m] Started Initial cloud-init job (pre-networking).
[[0;32m  OK  [0m] Reached target Network (Pre).
         Starting Raise network interfaces...
[[0;32m  OK  [0m] Started Raise network interfaces.
[[0;32m  OK  [0m] Reached target Network.
         Starting Initial cloud-init job (metadata service crawler)...
[    7.796205] cloud-init[978]: Cloud-init v. 19.2-36-g059d049c-0ubuntu2~16.04.1 running 'init' at Tue, 24 Dec 2019 13:44:13 +0000. Up 7.40 seconds.
[    7.797563] cloud-init[978]: ci-info: ++++++++++++++++++++++++++++++++++++++Net device info+++++++++++++++++++++++++++++++++++++++
[    7.798689] cloud-init[978]: ci-info: +--------+-------+----------------------------+---------------+--------+-------------------+
[    7.799539] cloud-init[978]: ci-info: | Device |   Up  |          Address           |      Mask     | Scope  |     Hw-Address    |
[    7.800364] cloud-init[978]: ci-info: +--------+-------+----------------------------+---------------+--------+-------------------+
[    7.801160] cloud-init[978]: ci-info: | enp0s3 |  True |         10.0.2.15          | 255.255.255.0 | global | 02:b6:26:2d:10:3c |
[    7.801993] cloud-init[978]: ci-info: | enp0s3 |  True | fe80::b6:26ff:fe2d:103c/64 |       .       |  link  | 02:b6:26:2d:10:3c |
[    7.802982] cloud-init[978]: ci-info: | enp0s8 | False |             .              |       .       |   .    | 08:00:27:b0:64:e3 |
[    7.803806] cloud-init[978]: ci-info: |   lo   |  True |         127.0.0.1          |   255.0.0.0   |  host  |         .         |
[    7.804898] cloud-init[978]: ci-info: |   lo   |  True |          ::1/128           |       .       |  host  |         .         |
[    7.806172] cloud-init[978]: ci-info: +--------+-------+----------------------------+---------------+--------+-------------------+
[    7.807341] cloud-init[978]: ci-info: +++++++++++++++++++++++++++Route IPv4 info++++++++++++++++++++++++++++
[    7.808204] cloud-init[978]: ci-info: +-------+-------------+----------+---------------+-----------+-------+
[    7.809040] cloud-init[978]: ci-info: | Route | Destination | Gateway  |    Genmask    | Interface | Flags |
[    7.809882] cloud-init[978]: ci-info: +-------+-------------+----------+---------------+-----------+-------+
[    7.810708] cloud-init[978]: ci-info: |   0   |   0.0.0.0   | 10.0.2.2 |    0.0.0.0    |   enp0s3  |   UG  |
[    7.811549] cloud-init[978]: ci-info: |   1   |   10.0.2.0  | 0.0.0.0  | 255.255.255.0 |   enp0s3  |   U   |
[    7.812394] cloud-init[978]: ci-info: +-------+-------------+----------+---------------+-----------+-------+
[    7.813203] cloud-init[978]: ci-info: +++++++++++++++++++Route IPv6 info+++++++++++++++++++
[    7.813987] cloud-init[978]: ci-info: +-------+-------------+---------+-----------+-------+
[    7.814728] cloud-init[978]: ci-info: | Route | Destination | Gateway | Interface | Flags |
[    7.815471] cloud-init[978]: ci-info: +-------+-------------+---------+-----------+-------+
[    7.816227] cloud-init[978]: ci-info: |   0   |  fe80::/64  |    ::   |   enp0s3  |   U   |
[    7.816980] cloud-init[978]: ci-info: |   3   |   ff00::/8  |    ::   |   enp0s3  |   U   |
[    7.817722] cloud-init[978]: ci-info: +-------+-------------+---------+-----------+-------+
[    7.818466] cloud-init[978]: Generating public/private rsa key pair.
[    7.819123] cloud-init[978]: Your identification has been saved in /etc/ssh/ssh_host_rsa_key.
[    7.819891] [cloud-init[0;32m  OK  [0m[978]: ] Your public key has been saved in /etc/ssh/ssh_host_rsa_key.pub.Started Initial cloud-init job (metadata service crawler).

[    7.820272] cloud-init[978]: The key fingerprint is:
[    7.821446] cloud-init[978]: SHA256:9+XsbM6SUi4I7xrTRD2vw8diR2XqKmuOwC3/sIrz5KY root@ubuntu-xenial[
[0;32m  OK  [0m] Reached target Network is Online.
[    7.821568] cloud-init[978]: The key's randomart image is:
[    7.823187] cloud-init[978]: +---[RSA 2048]----+
[    7.823671] cloud-init[978]: |                 |
[    7.832749] cloud-init[978]: |         .       |
[    7.835058] cloud-init[978]: |        . o   o  |
[    7.837777] cloud-init[978]: |       .   o +   |
[    7.841171]          cloud-initStarting iSCSI initiator daemon (iscsid)...[978]: 
|        S . + .  |
[[0;32m  OK  [0m] [    7.842221] Reached target System Initialization.cloud-init
[978]: |   . ..o o *.+   |
[    7.848962]          cloud-initStarting LXD - unix socket.[978]: 
|    = =o..*o*.o  |
[    7.851663] [cloud-init[0;32m  OK  [0m[978]: ] |  .+.+ *=.o*++.  |Started Daily apt download activities.

[    7.852814] cloud-init[978]: [|  E=+.=*=o.o +=  |[0;32m  OK  [0m
] Started Daily apt upgrade and clean activities.
[[0;32m  OK  [0m] Listening on ACPID Listen Socket.
[[    7.854269] [0;32m  OK  [0mcloud-init] [978]: Listening on D-Bus System Message Bus Socket.+----[SHA256]-----+

[    7.862097]          cloud-initStarting Socket activation for snappy daemon.[978]: 
Generating public/private dsa key pair.
[    7.864207] cloud-init[978]: [Your identification has been saved in /etc/ssh/ssh_host_dsa_key.[0;32m  OK  [0m
] Started Message of the Day.
[    7.864458] cloud-init[978]: Your public key has been saved in /etc/ssh/ssh_host_dsa_key.pub.
[    7.867989] [cloud-init[0;32m  OK  [0m[978]: ] The key fingerprint is:Started ACPI Events Check.

[[    7.868278] [0;32m  OK  [0mcloud-init] [978]: Reached target Paths.SHA256:n1W5dQlOr9iAtw6rlKoYgbqC2atcFlK0jtuNec7IHv0 root@ubuntu-xenial

[[0;32m  OK  [0m] [    7.869827] Listening on UUID daemon activation socket.cloud-init
[978]: The key's randomart image is:
[[0;32m  OK  [0m] [    7.870503] Started Daily Cleanup of Temporary Directories.cloud-init
[978]: +---[DSA 1024]----+
[[0;32m  OK  [0m] Reached target Timers.
[    7.871264] cloud-init[978]: [|   .         o   |[0;32m  OK  [0m
] Reached target Cloud-config availability.
[    7.871723] cloud-init[978]: |  . .     . o o..|
[    7.875888] cloud-init[978]: |   o     . o .ooo|
[    7.876726] cloud-init[978]: |. +       . =..o.|
[    7.877538] cloud-init[978]: |.+ o    S. o.o.  |
[    7.878296] cloud-init[978]: |. = *   ..+o     |
[    7.878872] cloud-init[978]: |o= B + o .o.     |
[    7.879494] cloud-init[978]: |=.B * + .        |
[    7.880158] cloud-init[978]: |++o*.+ E         |
[    7.880751] cloud-init[978]: +----[SHA256]-----+
[    7.881369] cloud-init[978]: Generating public/private ecdsa key pair.
[    7.882018] cloud-init[978]: Your identification has been saved in /etc/ssh/ssh_host_ecdsa_key.
[    7.888477] cloud-init[978]: Your public key has been saved in /etc/ssh/ssh_host_ecdsa_key.pub.
[    7.890713] cloud-init[978]: The key fingerprint is:
[    7.892739] cloud-init[978]: SHA256:/TBx/L0pWhSz7n7cR9+1M3cL2tyHG2+58s6YfP/pupI root@ubuntu-xenial
[    7.895295] [cloud-init[0;32m  OK  [0m[978]: ] The key's randomart image is:Listening on LXD - unix socket.

[    7.895544] cloud-init[978]: [+---[ECDSA 256]---+[0;32m  OK  [0m
] Listening on Socket activation for snappy daemon.
[    7.896874] cloud-init[978]: |                 |
[    7.899847] cloud-init[978]: |           .     |
[    7.900750] cloud-init[978]: |          . oo   |
[    7.908348] cloud-init[[978]: [0;32m  OK  [0m|         . o .+. |] 
Started iSCSI initiator daemon (iscsid).
[    7.908543] cloud-init[978]: |        S +  o. .|
[    7.910651]          cloud-initStarting Login to default iSCSI targets...[978]: 
|           +o   =|
[[0;32m  OK  [0m] Reached target Sockets.
[    7.912255] cloud-init[978]: |            o=o=B|[
[0;32m  OK  [0m] Reached target Basic System.
[    7.913145] cloud-init[978]: |           EO.O@@|
[    7.915595] cloud-init[978]: |           oo@@%/|
[    7.915855] cloud-init[978]: +----[SHA256]-----+
[    7.916099] cloud-init[978]: Generating public/private ed25519 key pair.
[    7.916634] cloud-init[978]: Your identification has been saved in /etc/ssh/ssh_host_ed25519_key.
[    7.917016] cloud-init[978]: Your public key has been saved in /etc/ssh/ssh_host_ed25519_key.pub.
[    7.917388] cloud-init[978]: The key fingerprint is:
[    7.917764] cloud-init[978]: SHA256:8/wBj0qsYvBs8FfwXzMxvAlkpLZNq9cU/Bfm2Ew6v3c root@ubuntu-xenial
[    7.918146] cloud-init[978]: The key's randomart image is:
[    7.918517] cloud-init[978]: +--[ED25519 256]--+
[    7.918891] cloud-init[978]: |         ..      |
[    7.919263] cloud-init[978]: |         .o.     |
[    7.919648] cloud-init[978]: |        oo..o  + |
[    7.920223] cloud-init[978]: |      .. +..+oO .|
         Starting System Logging Service...
[    7.920874] cloud-init[978]: |       oS +..O.+.|
[    7.926108] cloud-init[978]: |  o    .o= ** o. |
[    7.926661] cloud-init[978]: |   *   .+.=.+o . |
[    7.926926] cloud-init[978]: |    B .o o.. .  E|
[    7.927812] cloud-init[978]: |   o o. .   .  .o|
[    7.927926] cloud-init[978]: +----[SHA256]-----+
         Starting LSB: MD monitoring daemon...
         Starting Login Service...
         Starting Accounts Service...
         Starting LSB: Record successful boot for GRUB...
[[0;32m  OK  [0m] Started FUSE filesystem for LXC.
[[0;32m  OK  [0m] Started D-Bus System Message Bus.
         Starting /etc/rc.local Compatibility...
         Starting Pollinate to seed the pseudo random number generator...
[[0;32m  OK  [0m] Started ACPI event daemon.
         Starting Snappy daemon...
[[0;32m  OK  [0m] Started Deferred execution scheduler.
         Starting Virtualbox guest utils...
[[0;32m  OK  [0m] Started Regular background program processing daemon.
         Starting LXD - container startup/shutdown...
[[0;32m  OK  [0m] Started System Logging Service.
[[0;32m  OK  [0m] Started /etc/rc.local Compatibility.
[[0;32m  OK  [0m] Started Login to default iSCSI targets.
[[0;32m  OK  [0m] Started LXD - container startup/shutdown.
[[0;32m  OK  [0m] Started LSB: MD monitoring daemon.
[[0;32m  OK  [0m] Started LSB: Record successful boot for GRUB.
[[0;32m  OK  [0m] Started Login Service.
[[0;32m  OK  [0m] Started Unattended Upgrades Shutdown.
         Starting Authenticate and Authorize Users to Run Privileged Tasks...
[[0;32m  OK  [0m] Reached target Remote File Systems (Pre).
[[0;32m  OK  [0m] Reached target Remote File Systems.
         Starting LSB: daemon to balance interrupts for SMP systems...
         Starting LSB: Set the CPU Frequency Scaling governor to "ondemand"...
         Starting Permit User Sessions...
         Starting LSB: automatic crash report generation...
[[0;32m  OK  [0m] Started Virtualbox guest utils.
[[0;32m  OK  [0m] Started Permit User Sessions.
         Starting Hold until boot process finishes up...
         Starting Terminate Plymouth Boot Screen...
[[0;32m  OK  [0m] Started LSB: Set the CPU Frequency Scaling governor to "ondemand".
[[0;32m  OK  [0m] Started Hold until boot process finishes up.
         Starting Set console scheme...
[[0;32m  OK  [0m] Started Serial Getty on ttyS0.
[[0;32m  OK  [0m] Started Getty on tty1.
[[0;32m  OK  [0m] Reached target Login Prompts.
[[0;32m  OK  [0m] Started Set console scheme.
[[0;32m  OK  [0m] Started LSB: automatic crash report generation.
[[0;32m  OK  [0m] Started Terminate Plymouth Boot Screen.
[[0;32m  OK  [0m] Started Authenticate and Authorize Users to Run Privileged Tasks.
[[0;32m  OK  [0m] Started Accounts Service.
[[0;32m  OK  [0m] Started Snappy daemon.
[[0;32m  OK  [0m] Started LSB: daemon to balance interrupts for SMP systems.
         Starting Wait until snapd is fully seeded...
[[0;32m  OK  [0m] Started Pollinate to seed the pseudo random number generator.
         Starting OpenBSD Secure Shell server...
[[0;32m  OK  [0m] Started OpenBSD Secure Shell server.
[[0;32m  OK  [0m] Started Wait until snapd is fully seeded.
         Starting Apply the settings specified in cloud-config...
[[0;32m  OK  [0m] Reached target Multi-User System.
[[0;32m  OK  [0m] Reached target Graphical Interface.
         Starting Update UTMP about System Runlevel Changes...
[[0;32m  OK  [0m] Started Update UTMP about System Runlevel Changes.
[   10.174228] cloud-init[1330]: Generating locales (this might take a while)...
[   10.614426] cloud-init[1330]:   en_US.UTF-8... done
[   10.615101] cloud-init[1330]: Generation complete.
[   10.777267] cloud-init[1330]: Cloud-init v. 19.2-36-g059d049c-0ubuntu2~16.04.1 running 'modules:config' at Tue, 24 Dec 2019 13:44:16 +0000. Up 10.12 seconds.
[[0;32m  OK  [0m] Started Apply the settings specified in cloud-config.
         Starting Execute cloud user/final scripts...
ci-info: no authorized ssh keys fingerprints found for user ubuntu.
<14>Dec 24 13:44:17 ec2: 
<14>Dec 24 13:44:17 ec2: #############################################################
<14>Dec 24 13:44:17 ec2: -----BEGIN SSH HOST KEY FINGERPRINTS-----
<14>Dec 24 13:44:17 ec2: 1024 SHA256:n1W5dQlOr9iAtw6rlKoYgbqC2atcFlK0jtuNec7IHv0 root@ubuntu-xenial (DSA)
<14>Dec 24 13:44:17 ec2: 256 SHA256:/TBx/L0pWhSz7n7cR9+1M3cL2tyHG2+58s6YfP/pupI root@ubuntu-xenial (ECDSA)
<14>Dec 24 13:44:17 ec2: 256 SHA256:8/wBj0qsYvBs8FfwXzMxvAlkpLZNq9cU/Bfm2Ew6v3c root@ubuntu-xenial (ED25519)
<14>Dec 24 13:44:17 ec2: 2048 SHA256:9+XsbM6SUi4I7xrTRD2vw8diR2XqKmuOwC3/sIrz5KY root@ubuntu-xenial (RSA)
<14>Dec 24 13:44:17 ec2: -----END SSH HOST KEY FINGERPRINTS-----
<14>Dec 24 13:44:17 ec2: #############################################################
-----BEGIN SSH HOST KEY KEYS-----
ecdsa-sha2-nistp256 AAAAE2VjZHNhLXNoYTItbmlzdHAyNTYAAAAIbmlzdHAyNTYAAABBBI7046fhYX0Y26ToWj2UJabOxKbVkcsLAOPvfiUdfa8q7AcOL2DcdfEUvJMcPASPPnIquxDzhZ69G6lWjDuTgkc= root@ubuntu-xenial
ssh-ed25519 AAAAC3NzaC1lZDI1NTE5AAAAIEgmDzOGK08Yg7WaIoxrdNLvzy/IeKukJMksG6sPMfV4 root@ubuntu-xenial
ssh-rsa AAAAB3NzaC1yc2EAAAADAQABAAABAQDP5qveq9z/IlAHymxqLDZ4VFNaKLrMWi82+DTIIM/DQSoV5tJm1WAuO7GpGPyz2f7GzE6CcuZRSOByVidwxvHoWvFHCclz4EUPZfTvQt6+ydb7jyjxLXBsnxW69ICWcASZrYel8bt/DxDE1mOX0gXEqquGh4wTkdjFTM4VN28i2s5eWDx1opIjf8B8tHlhxjvSNUKamjf5CbWUWb1tgph6eSEY+F5HItPI0ucqkh1TTlzCdlB/+/Syja5JFSnv0nLOJ64zwY+JZ215SzHa5F8hr3eKTcXUQfgXZedAZ+AWHs+ez7X9y9fCxm/8fwW0ThQ7+QlHOO1lcHYYWRyT6X6l root@ubuntu-xenial
-----END SSH HOST KEY KEYS-----
[   11.062556] cloud-init[1373]: Cloud-init v. 19.2-36-g059d049c-0ubuntu2~16.04.1 running 'modules:final' at Tue, 24 Dec 2019 13:44:16 +0000. Up 10.98 seconds.
[   11.063728] cloud-init[1373]: ci-info: no authorized ssh keys fingerprints found for user ubuntu.
[   11.064473] cloud-init[1373]: Cloud-init v. 19.2-36-g059d049c-0ubuntu2~16.04.1 finished at Tue, 24 Dec 2019 13:44:17 +0000. Datasource DataSourceNoCloud [seed=/dev/sdb][dsmode=net].  Up 11.05 seconds
[[0;32m  OK  [0m] Started Execute cloud user/final scripts.
[[0;32m  OK  [0m] Reached target Cloud-init target.

Ubuntu 16.04.6 LTS ubuntu-xenial ttyS0

ubuntu-xenial login: 